<?xml version="1.0" encoding="UTF-8"?>
<!-- Generated by org.testng.reporters.JUnitReportReporter -->
<testsuite hostname="DESKTOP-9D784BV" failures="0" tests="2" name="testpackage.seleniumDockerExecution" time="10.357" errors="0" timestamp="15 Nov 2022 18:35:17 GMT">
  <testcase classname="testpackage.seleniumDockerExecution" name="sample2" time="0.001"/>
  <testcase classname="testpackage.seleniumDockerExecution" name="sample1" time="10.356"/>
</testsuite> <!-- testpackage.seleniumDockerExecution -->
