<?xml version="1.0" encoding="UTF-8"?>
<!-- Generated by org.testng.reporters.JUnitReportReporter -->
<testsuite hostname="DESKTOP-9D784BV" failures="0" tests="2" name="testpackage.seleniumDockerExecution" time="6.396" errors="0" timestamp="15 Nov 2022 18:04:13 GMT">
  <testcase classname="testpackage.seleniumDockerExecution" name="sample2" time="0.002"/>
  <testcase classname="testpackage.seleniumDockerExecution" name="sample1" time="6.394"/>
</testsuite> <!-- testpackage.seleniumDockerExecution -->
