<?xml version="1.0" encoding="UTF-8"?>
<!-- Generated by org.testng.reporters.JUnitReportReporter -->
<testsuite hostname="DESKTOP-9D784BV" failures="0" tests="1" name="testpackage.seleniumDockerExecution" time="0.012" errors="0" timestamp="7 Nov 2022 18:26:21 GMT">
  <testcase classname="testpackage.seleniumDockerExecution" name="sample2" time="0.012"/>
</testsuite> <!-- testpackage.seleniumDockerExecution -->
